TRACE::2025-06-15.12:50:58::SCWBifWriter::Found the complete platform D:/DSD25_Termproject_Materials_Updated250519/00_RTL_Skeleton/workspace/design_1_wrapper/export/design_1_wrapper/design_1_wrapper.xpfm
TRACE::2025-06-15.12:50:58::SCWBifWriter::hardware databse : design_1_wrapper
TRACE::2025-06-15.12:50:58::SCWBifWriter::bitstream found in the design
TRACE::2025-06-15.12:50:58::SCWBifWriter::Found a baremetal domain, proc: ps7_cortexa9_0
TRACE::2025-06-15.12:50:58::SCWBifWriter::proc type : 
TRACE::2025-06-15.12:50:58::SCWBifWriter::proc[0] : ps7_cortexa9_0
TRACE::2025-06-15.12:50:58::SCWBifWriter::Device type is : zynq
TRACE::2025-06-15.12:50:58::SCWBifWriter::Writing BIF to file : D:/DSD25_Termproject_Materials_Updated250519/00_RTL_Skeleton/workspace/dsd_termprj_system/Debug/system.bif
TRACE::2025-06-15.12:50:58::SCWBifWriter::Writing the Zynq Baremetal bif 
TRACE::2025-06-16.15:34:07::SCWBifWriter::Found the complete platform D:/DSD25_Termproject_Materials_Updated250519/00_RTL_Skeleton/workspace/design_1_wrapper/export/design_1_wrapper/design_1_wrapper.xpfm
TRACE::2025-06-16.15:34:07::SCWBifWriter::hardware databse : design_1_wrapper_6
TRACE::2025-06-16.15:34:07::SCWBifWriter::bitstream found in the design
TRACE::2025-06-16.15:34:07::SCWBifWriter::Found a baremetal domain, proc: ps7_cortexa9_0
TRACE::2025-06-16.15:34:07::SCWBifWriter::proc type : 
TRACE::2025-06-16.15:34:07::SCWBifWriter::proc[0] : ps7_cortexa9_0
TRACE::2025-06-16.15:34:07::SCWBifWriter::Device type is : zynq
TRACE::2025-06-16.15:34:07::SCWBifWriter::Writing BIF to file : D:/DSD25_Termproject_Materials_Updated250519/00_RTL_Skeleton/workspace/dsd_termprj_system/Debug/system.bif
TRACE::2025-06-16.15:34:07::SCWBifWriter::Writing the Zynq Baremetal bif 
TRACE::2025-06-16.15:34:25::SCWBifWriter::Found the complete platform D:/DSD25_Termproject_Materials_Updated250519/00_RTL_Skeleton/workspace/design_1_wrapper/export/design_1_wrapper/design_1_wrapper.xpfm
TRACE::2025-06-16.15:34:25::SCWBifWriter::hardware databse : design_1_wrapper_6
TRACE::2025-06-16.15:34:25::SCWBifWriter::bitstream found in the design
TRACE::2025-06-16.15:34:25::SCWBifWriter::Found a baremetal domain, proc: ps7_cortexa9_0
TRACE::2025-06-16.15:34:25::SCWBifWriter::proc type : 
TRACE::2025-06-16.15:34:25::SCWBifWriter::proc[0] : ps7_cortexa9_0
TRACE::2025-06-16.15:34:25::SCWBifWriter::Device type is : zynq
TRACE::2025-06-16.15:34:25::SCWBifWriter::Writing BIF to file : D:/DSD25_Termproject_Materials_Updated250519/00_RTL_Skeleton/workspace/dsd_termprj_system/Debug/system.bif
TRACE::2025-06-16.15:34:25::SCWBifWriter::Writing the Zynq Baremetal bif 
TRACE::2025-06-16.15:34:42::SCWBifWriter::Found the complete platform D:/DSD25_Termproject_Materials_Updated250519/00_RTL_Skeleton/workspace/design_1_wrapper/export/design_1_wrapper/design_1_wrapper.xpfm
TRACE::2025-06-16.15:34:42::SCWBifWriter::hardware databse : design_1_wrapper_6
TRACE::2025-06-16.15:34:42::SCWBifWriter::bitstream found in the design
TRACE::2025-06-16.15:34:42::SCWBifWriter::Found a baremetal domain, proc: ps7_cortexa9_0
TRACE::2025-06-16.15:34:42::SCWBifWriter::proc type : 
TRACE::2025-06-16.15:34:42::SCWBifWriter::proc[0] : ps7_cortexa9_0
TRACE::2025-06-16.15:34:42::SCWBifWriter::Device type is : zynq
TRACE::2025-06-16.15:34:42::SCWBifWriter::Writing BIF to file : D:/DSD25_Termproject_Materials_Updated250519/00_RTL_Skeleton/workspace/dsd_termprj_system/Debug/system.bif
TRACE::2025-06-16.15:34:42::SCWBifWriter::Writing the Zynq Baremetal bif 
TRACE::2025-06-16.15:35:36::SCWBifWriter::Found the complete platform D:/DSD25_Termproject_Materials_Updated250519/00_RTL_Skeleton/workspace/design_1_wrapper/export/design_1_wrapper/design_1_wrapper.xpfm
TRACE::2025-06-16.15:35:36::SCWBifWriter::hardware databse : design_1_wrapper_6
TRACE::2025-06-16.15:35:36::SCWBifWriter::bitstream found in the design
TRACE::2025-06-16.15:35:36::SCWBifWriter::Found a baremetal domain, proc: ps7_cortexa9_0
TRACE::2025-06-16.15:35:36::SCWBifWriter::proc type : 
TRACE::2025-06-16.15:35:36::SCWBifWriter::proc[0] : ps7_cortexa9_0
TRACE::2025-06-16.15:35:36::SCWBifWriter::Device type is : zynq
TRACE::2025-06-16.15:35:36::SCWBifWriter::Writing BIF to file : D:/DSD25_Termproject_Materials_Updated250519/00_RTL_Skeleton/workspace/dsd_termprj_system/Debug/system.bif
TRACE::2025-06-16.15:35:36::SCWBifWriter::Writing the Zynq Baremetal bif 
